[01,4] Fri Jul 10 17:45:01 UTC 2020 VERSION: 1
[01,2] Fri Jul 10 17:45:01 UTC 2020 VERSION: 1
[01,3] Fri Jul 10 17:45:01 UTC 2020 VERSION: 1
[01,1] Fri Jul 10 17:45:01 UTC 2020 VERSION: 1
[01,5] Fri Jul 10 17:45:01 UTC 2020 VERSION: 1
[02,1] Fri Jul 10 17:45:02 UTC 2020 VERSION: 1
[02,3] Fri Jul 10 17:45:02 UTC 2020 VERSION: 1
[02,2] Fri Jul 10 17:45:02 UTC 2020 VERSION: 1
[02,5] Fri Jul 10 17:45:02 UTC 2020 VERSION: 1
[02,4] Fri Jul 10 17:45:02 UTC 2020 VERSION: 1
[03,4] Fri Jul 10 17:45:03 UTC 2020 VERSION: 1
[03,5] Fri Jul 10 17:45:03 UTC 2020 VERSION: 1
[03,1] Fri Jul 10 17:45:03 UTC 2020 VERSION: 1
[03,3] Fri Jul 10 17:45:03 UTC 2020 VERSION: 1
[03,2] Fri Jul 10 17:45:03 UTC 2020 VERSION: 1
[04,3] Fri Jul 10 17:45:04 UTC 2020 VERSION: 1
[04,4] Fri Jul 10 17:45:04 UTC 2020 VERSION: 1
[04,5] Fri Jul 10 17:45:04 UTC 2020 VERSION: 1
[04,1] Fri Jul 10 17:45:04 UTC 2020 VERSION: 1
[04,2] Fri Jul 10 17:45:04 UTC 2020 VERSION: 1
[05,1] Fri Jul 10 17:45:05 UTC 2020 VERSION: 1
[05,3] Fri Jul 10 17:45:05 UTC 2020 VERSION: 1
[05,5] Fri Jul 10 17:45:05 UTC 2020 VERSION: 1
[05,4] Fri Jul 10 17:45:05 UTC 2020 VERSION: 1
[05,2] Fri Jul 10 17:45:05 UTC 2020 VERSION: 1
[06,3] Fri Jul 10 17:45:06 UTC 2020 VERSION: 1
[06,2] Fri Jul 10 17:45:06 UTC 2020 VERSION: 1
[06,4] Fri Jul 10 17:45:06 UTC 2020 VERSION: 1
[06,1] Fri Jul 10 17:45:06 UTC 2020 VERSION: 1
[06,5] Fri Jul 10 17:45:06 UTC 2020 VERSION: 1
[07,3] Fri Jul 10 17:45:07 UTC 2020 VERSION: 1
[07,4] Fri Jul 10 17:45:07 UTC 2020 VERSION: 1
[07,5] Fri Jul 10 17:45:07 UTC 2020 VERSION: 1
[07,1] Fri Jul 10 17:45:07 UTC 2020 VERSION: 1
[07,2] Fri Jul 10 17:45:07 UTC 2020 VERSION: 1
[08,5] Fri Jul 10 17:45:08 UTC 2020 VERSION: 1
[08,3] Fri Jul 10 17:45:08 UTC 2020 VERSION: 1
[08,2] Fri Jul 10 17:45:08 UTC 2020 VERSION: 1
[08,1] Fri Jul 10 17:45:08 UTC 2020 VERSION: 1
[08,4] Fri Jul 10 17:45:08 UTC 2020 VERSION: 1
[09,2] Fri Jul 10 17:45:09 UTC 2020 VERSION: 1
[09,3] Fri Jul 10 17:45:09 UTC 2020 VERSION: 1
[09,4] Fri Jul 10 17:45:09 UTC 2020 VERSION: 1
[09,5] Fri Jul 10 17:45:09 UTC 2020 VERSION: 1
[09,1] Fri Jul 10 17:45:09 UTC 2020 VERSION: 1
[10,1] Fri Jul 10 17:45:10 UTC 2020 <html>
<head><title>502 Bad Gateway</title></head>
<body>
<center><h1>502 Bad Gateway</h1></center>
<hr><center>nginx/1.19.0</center>
</body>
</html>
[10,3] Fri Jul 10 17:45:10 UTC 2020 <html>
<head><title>502 Bad Gateway</title></head>
<body>
<center><h1>502 Bad Gateway</h1></center>
<hr><center>nginx/1.19.0</center>
</body>
</html>
[10,4] Fri Jul 10 17:45:10 UTC 2020 <html>
<head><title>502 Bad Gateway</title></head>
<body>
<center><h1>502 Bad Gateway</h1></center>
<hr><center>nginx/1.19.0</center>
</body>
</html>
[10,2] Fri Jul 10 17:45:10 UTC 2020 <html>
<head><title>502 Bad Gateway</title></head>
<body>
<center><h1>502 Bad Gateway</h1></center>
<hr><center>nginx/1.19.0</center>
</body>
</html>
[11,1] Fri Jul 10 17:45:11 UTC 2020 <html>
<head><title>502 Bad Gateway</title></head>
<body>
<center><h1>502 Bad Gateway</h1></center>
<hr><center>nginx/1.19.0</center>
</body>
</html>
[11,3] Fri Jul 10 17:45:11 UTC 2020 <html>
<head><title>502 Bad Gateway</title></head>
<body>
<center><h1>502 Bad Gateway</h1></center>
<hr><center>nginx/1.19.0</center>
</body>
</html>
[10,5] Fri Jul 10 17:45:10 UTC 2020 <html>
<head><title>502 Bad Gateway</title></head>
<body>
<center><h1>502 Bad Gateway</h1></center>
<hr><center>nginx/1.19.0</center>
</body>
</html>
[11,5] Fri Jul 10 17:45:11 UTC 2020 <html>
<head><title>502 Bad Gateway</title></head>
<body>
<center><h1>502 Bad Gateway</h1></center>
<hr><center>nginx/1.19.0</center>
</body>
</html>
[11,2] Fri Jul 10 17:45:11 UTC 2020 <html>
<head><title>502 Bad Gateway</title></head>
<body>
<center><h1>502 Bad Gateway</h1></center>
<hr><center>nginx/1.19.0</center>
</body>
</html>
[11,4] Fri Jul 10 17:45:11 UTC 2020 <html>
<head><title>502 Bad Gateway</title></head>
<body>
<center><h1>502 Bad Gateway</h1></center>
<hr><center>nginx/1.19.0</center>
</body>
</html>
[12,2] Fri Jul 10 17:45:12 UTC 2020 VERSION: 2
[12,3] Fri Jul 10 17:45:12 UTC 2020 VERSION: 2
[12,4] Fri Jul 10 17:45:12 UTC 2020 VERSION: 2
[12,5] Fri Jul 10 17:45:12 UTC 2020 VERSION: 2
[12,1] Fri Jul 10 17:45:12 UTC 2020 VERSION: 2
[13,1] Fri Jul 10 17:45:13 UTC 2020 VERSION: 2
[13,4] Fri Jul 10 17:45:13 UTC 2020 VERSION: 2
[13,5] Fri Jul 10 17:45:13 UTC 2020 VERSION: 2
[13,3] Fri Jul 10 17:45:13 UTC 2020 VERSION: 2
[13,2] Fri Jul 10 17:45:13 UTC 2020 VERSION: 2
[14,4] Fri Jul 10 17:45:14 UTC 2020 VERSION: 2
[14,2] Fri Jul 10 17:45:14 UTC 2020 VERSION: 2
[14,1] Fri Jul 10 17:45:14 UTC 2020 VERSION: 2
[14,3] Fri Jul 10 17:45:14 UTC 2020 VERSION: 2
[14,5] Fri Jul 10 17:45:14 UTC 2020 VERSION: 2
[15,5] Fri Jul 10 17:45:15 UTC 2020 VERSION: 2
[15,4] Fri Jul 10 17:45:15 UTC 2020 VERSION: 2
[15,3] Fri Jul 10 17:45:15 UTC 2020 VERSION: 2
[15,1] Fri Jul 10 17:45:15 UTC 2020 VERSION: 2
[15,2] Fri Jul 10 17:45:15 UTC 2020 VERSION: 2
[16,1] Fri Jul 10 17:45:16 UTC 2020 VERSION: 2
[16,2] Fri Jul 10 17:45:16 UTC 2020 VERSION: 2
[16,3] Fri Jul 10 17:45:16 UTC 2020 VERSION: 2
[16,5] Fri Jul 10 17:45:16 UTC 2020 VERSION: 2
[16,4] Fri Jul 10 17:45:16 UTC 2020 VERSION: 2
[17,5] Fri Jul 10 17:45:17 UTC 2020 VERSION: 2
[17,1] Fri Jul 10 17:45:17 UTC 2020 VERSION: 2
[17,3] Fri Jul 10 17:45:17 UTC 2020 VERSION: 2
[17,4] Fri Jul 10 17:45:17 UTC 2020 VERSION: 2
[17,2] Fri Jul 10 17:45:17 UTC 2020 VERSION: 2
[18,3] Fri Jul 10 17:45:18 UTC 2020 VERSION: 2
[18,1] Fri Jul 10 17:45:18 UTC 2020 VERSION: 2
[18,2] Fri Jul 10 17:45:18 UTC 2020 VERSION: 2
[18,5] Fri Jul 10 17:45:18 UTC 2020 VERSION: 2
[18,4] Fri Jul 10 17:45:18 UTC 2020 VERSION: 2
[19,5] Fri Jul 10 17:45:19 UTC 2020 VERSION: 2
[19,4] Fri Jul 10 17:45:19 UTC 2020 VERSION: 2
[19,3] Fri Jul 10 17:45:19 UTC 2020 VERSION: 2
[19,2] Fri Jul 10 17:45:19 UTC 2020 VERSION: 2
[19,1] Fri Jul 10 17:45:19 UTC 2020 VERSION: 2
[20,1] Fri Jul 10 17:45:20 UTC 2020 VERSION: 2
[20,5] Fri Jul 10 17:45:20 UTC 2020 VERSION: 2
[20,2] Fri Jul 10 17:45:20 UTC 2020 VERSION: 2
[20,3] Fri Jul 10 17:45:20 UTC 2020 VERSION: 2
[20,4] Fri Jul 10 17:45:20 UTC 2020 VERSION: 2
[21,5] Fri Jul 10 17:45:21 UTC 2020 VERSION: 2
[21,3] Fri Jul 10 17:45:21 UTC 2020 VERSION: 2
[21,4] Fri Jul 10 17:45:21 UTC 2020 VERSION: 2
[21,2] Fri Jul 10 17:45:21 UTC 2020 VERSION: 2
[21,1] Fri Jul 10 17:45:21 UTC 2020 VERSION: 2
[22,3] Fri Jul 10 17:45:22 UTC 2020 VERSION: 2
[22,2] Fri Jul 10 17:45:22 UTC 2020 VERSION: 2
[22,1] Fri Jul 10 17:45:22 UTC 2020 VERSION: 2
[22,5] Fri Jul 10 17:45:22 UTC 2020 VERSION: 2
[22,4] Fri Jul 10 17:45:22 UTC 2020 VERSION: 2
[23,5] Fri Jul 10 17:45:23 UTC 2020 VERSION: 2
[23,3] Fri Jul 10 17:45:23 UTC 2020 VERSION: 2
[23,2] Fri Jul 10 17:45:23 UTC 2020 VERSION: 2
[23,4] Fri Jul 10 17:45:23 UTC 2020 VERSION: 2
[23,1] Fri Jul 10 17:45:23 UTC 2020 VERSION: 2
[24,4] Fri Jul 10 17:45:24 UTC 2020 VERSION: 2
[24,5] Fri Jul 10 17:45:24 UTC 2020 VERSION: 2
[24,3] Fri Jul 10 17:45:24 UTC 2020 VERSION: 2
[24,2] Fri Jul 10 17:45:24 UTC 2020 VERSION: 2
[24,1] Fri Jul 10 17:45:24 UTC 2020 VERSION: 2
[25,3] Fri Jul 10 17:45:25 UTC 2020 VERSION: 2
[25,4] Fri Jul 10 17:45:25 UTC 2020 VERSION: 2
[25,2] Fri Jul 10 17:45:25 UTC 2020 VERSION: 2
[25,1] Fri Jul 10 17:45:25 UTC 2020 VERSION: 2
[25,5] Fri Jul 10 17:45:25 UTC 2020 VERSION: 2
[26,2] Fri Jul 10 17:45:26 UTC 2020 VERSION: 2
[26,1] Fri Jul 10 17:45:26 UTC 2020 VERSION: 2
[26,3] Fri Jul 10 17:45:26 UTC 2020 VERSION: 2
[26,5] Fri Jul 10 17:45:26 UTC 2020 VERSION: 2
[26,4] Fri Jul 10 17:45:26 UTC 2020 VERSION: 2
[27,1] Fri Jul 10 17:45:27 UTC 2020 VERSION: 2
[27,4] Fri Jul 10 17:45:27 UTC 2020 VERSION: 2
[27,5] Fri Jul 10 17:45:27 UTC 2020 VERSION: 2
[27,3] Fri Jul 10 17:45:27 UTC 2020 VERSION: 2
[27,2] Fri Jul 10 17:45:27 UTC 2020 VERSION: 2
[28,3] Fri Jul 10 17:45:28 UTC 2020 VERSION: 2
[28,5] Fri Jul 10 17:45:28 UTC 2020 VERSION: 2
[28,4] Fri Jul 10 17:45:28 UTC 2020 VERSION: 2
[28,2] Fri Jul 10 17:45:28 UTC 2020 VERSION: 2
[28,1] Fri Jul 10 17:45:28 UTC 2020 VERSION: 2
[29,5] Fri Jul 10 17:45:29 UTC 2020 VERSION: 2
[29,1] Fri Jul 10 17:45:29 UTC 2020 VERSION: 2
[29,2] Fri Jul 10 17:45:29 UTC 2020 VERSION: 2
[29,4] Fri Jul 10 17:45:29 UTC 2020 VERSION: 2
[29,3] Fri Jul 10 17:45:29 UTC 2020 VERSION: 2
[30,3] Fri Jul 10 17:45:30 UTC 2020 VERSION: 2
[30,4] Fri Jul 10 17:45:30 UTC 2020 VERSION: 2
[30,5] Fri Jul 10 17:45:30 UTC 2020 VERSION: 2
[30,2] Fri Jul 10 17:45:30 UTC 2020 VERSION: 2
[30,1] Fri Jul 10 17:45:30 UTC 2020 VERSION: 2
